Build started 8/15/2016 3:46:15 AM.
     1>Project "c:\Users\karan\documents\visual studio 2013\Projects\ksbengine(pc)\ksbengine(pc)\ksbengine(pc).vcxproj" on node 2 (Build target(s)).
     1>Link:
         C:\Program Files (x86)\Microsoft Visual Studio 12.0\VC\bin\link.exe /ERRORREPORT:PROMPT /OUT:"c:\users\karan\documents\visual studio 2013\Projects\ksbengine(pc)\Debug\ksbengine(pc).exe" /INCREMENTAL /NOLOGO /LIBPATH:"c:\users\karan\documents\visual studio 2013\Projects\ksbengine(pc)\/dependencies/libs" glfw3.lib opengl32.lib glew32s.lib FreeImage.lib kernel32.lib user32.lib gdi32.lib winspool.lib comdlg32.lib advapi32.lib shell32.lib ole32.lib oleaut32.lib uuid.lib odbc32.lib odbccp32.lib /MANIFEST /MANIFESTUAC:"level='asInvoker' uiAccess='false'" /manifest:embed /DEBUG /PDB:"c:\users\karan\documents\visual studio 2013\Projects\ksbengine(pc)\Debug\ksbengine(pc).pdb" /TLBID:1 /DYNAMICBASE /NXCOMPAT /IMPLIB:"c:\users\karan\documents\visual studio 2013\Projects\ksbengine(pc)\Debug\ksbengine(pc).lib" /MACHINE:X86 Debug\filereader.obj
         Debug\main.obj
         Debug\mat4.obj
         Debug\objfileloader.obj
         Debug\renderer2d.obj
         Debug\shader.obj
         Debug\sprites2d.obj
         Debug\textures.obj
         Debug\vec2.obj
         Debug\vec3.obj
         Debug\windowmaker.obj
     1>LINK : warning LNK4098: defaultlib 'MSVCRT' conflicts with use of other libs; use /NODEFAULTLIB:library
     1>LINK : warning LNK4098: defaultlib 'LIBCMT' conflicts with use of other libs; use /NODEFAULTLIB:library
     1>glew32s.lib(glew.obj) : warning LNK4099: PDB 'vc120.pdb' was not found with 'glew32s.lib(glew.obj)' or at 'c:\users\karan\documents\visual studio 2013\Projects\ksbengine(pc)\Debug\vc120.pdb'; linking object as if no debug info
         ksbengine(pc).vcxproj -> c:\users\karan\documents\visual studio 2013\Projects\ksbengine(pc)\Debug\ksbengine(pc).exe
     1>Done Building Project "c:\Users\karan\documents\visual studio 2013\Projects\ksbengine(pc)\ksbengine(pc)\ksbengine(pc).vcxproj" (Build target(s)).

Build succeeded.

Time Elapsed 00:00:01.46
