Build started 9/21/2016 4:58:53 AM.
     1>Project "C:\Users\karan\Desktop\gitpulltrial\ksbengine(pc)\ksbengine(pc).vcxproj" on node 2 (Build target(s)).
     1>ClCompile:
         C:\Program Files (x86)\Microsoft Visual Studio 12.0\VC\bin\CL.exe /c /IC:\Users\karan\Desktop\gitpulltrial\/dependencies/include /Zi /nologo /W3 /WX- /sdl /O2 /Oi /Oy- /GL /D _MBCS /Gm- /EHsc /MD /GS /Gy /fp:precise /Zc:wchar_t /Zc:forScope /Fo"Release\\" /Fd"Release\vc120.pdb" /Gd /TP /analyze- /errorReport:prompt main.cpp
         main.cpp
     1>main.cpp(22): warning C4067: unexpected tokens following preprocessor directive - expected a newline
     1>main.cpp(304): warning C4244: '=' : conversion from 'double' to 'float', possible loss of data
     1>main.cpp(440): warning C4244: '+=' : conversion from 'double' to 'float', possible loss of data
     1>main.cpp(441): warning C4244: '+=' : conversion from 'double' to 'float', possible loss of data
     1>main.cpp(465): warning C4244: '+=' : conversion from 'double' to 'float', possible loss of data
     1>main.cpp(466): warning C4244: '+=' : conversion from 'double' to 'float', possible loss of data
     1>main.cpp(480): warning C4244: '=' : conversion from 'double' to 'float', possible loss of data
     1>main.cpp(508): warning C4305: 'argument' : truncation from 'double' to 'float'
       Link:
         C:\Program Files (x86)\Microsoft Visual Studio 12.0\VC\bin\link.exe /ERRORREPORT:PROMPT /OUT:"C:\Users\karan\Desktop\gitpulltrial\Release\ksbengine(pc).exe" /NOLOGO /LIBPATH:C:\Users\karan\Desktop\gitpulltrial\/dependencies/libs glfw3.lib opengl32.lib glew32s.lib FreeImage.lib kernel32.lib user32.lib gdi32.lib winspool.lib comdlg32.lib advapi32.lib shell32.lib ole32.lib oleaut32.lib uuid.lib odbc32.lib odbccp32.lib /MANIFEST /MANIFESTUAC:"level='asInvoker' uiAccess='false'" /manifest:embed /DEBUG /PDB:"C:\Users\karan\Desktop\gitpulltrial\Release\ksbengine(pc).pdb" /OPT:REF /OPT:ICF /LTCG /TLBID:1 /DYNAMICBASE /NXCOMPAT /IMPLIB:"C:\Users\karan\Desktop\gitpulltrial\Release\ksbengine(pc).lib" /MACHINE:X86 /SAFESEH Release\camera.obj
         Release\filereader.obj
         Release\main.obj
         Release\mat4.obj
         Release\objfileloader.obj
         Release\planerenderer.obj
         Release\renderer2d.obj
         Release\shader.obj
         Release\sprites2d.obj
         Release\textures.obj
         Release\vec2.obj
         Release\vec3.obj
         Release\windowmaker.obj
     1>LINK : warning LNK4098: defaultlib 'LIBCMT' conflicts with use of other libs; use /NODEFAULTLIB:library
         Generating code
         Finished generating code
     1>glew32s.lib(glew.obj) : warning LNK4099: PDB 'vc120.pdb' was not found with 'glew32s.lib(glew.obj)' or at 'C:\Users\karan\Desktop\gitpulltrial\Release\vc120.pdb'; linking object as if no debug info
         ksbengine(pc).vcxproj -> C:\Users\karan\Desktop\gitpulltrial\Release\ksbengine(pc).exe
     1>Done Building Project "C:\Users\karan\Desktop\gitpulltrial\ksbengine(pc)\ksbengine(pc).vcxproj" (Build target(s)).

Build succeeded.

Time Elapsed 00:00:04.08
